time="2023-04-11 16:59:36.276915400" level=info clientIp="::1" dataSize=285 host=DESKTOP-G503LMJ method=POST path=/v1/user spendTime="119 ms" status=200 userAgent=PostmanRuntime/7.29.0
time="2023-04-11 17:02:49.968513000" level=info clientIp="::1" dataSize=5584 host=DESKTOP-G503LMJ method=GET path=/v1/articles spendTime="17 ms" status=200 userAgent=PostmanRuntime/7.29.0
time="2023-04-11 17:13:28.596927500" level=info clientIp="::1" dataSize=205 host=DESKTOP-G503LMJ method=POST path=/v1/article spendTime="11 ms" status=200 userAgent=PostmanRuntime/7.29.0
time="2023-04-11 17:13:49.950182700" level=info clientIp="::1" dataSize=205 host=DESKTOP-G503LMJ method=POST path=/v1/article spendTime="9 ms" status=200 userAgent=PostmanRuntime/7.29.0
time="2023-04-11 17:14:13.905027700" level=info clientIp="::1" dataSize=202 host=DESKTOP-G503LMJ method=POST path=/v1/article spendTime="9 ms" status=200 userAgent=PostmanRuntime/7.29.0
time="2023-04-11 17:14:57.372246200" level=info clientIp="::1" dataSize=202 host=DESKTOP-G503LMJ method=POST path=/v1/article spendTime="9 ms" status=200 userAgent=PostmanRuntime/7.29.0
time="2023-04-11 17:17:45.558599000" level=info clientIp="::1" dataSize=202 host=DESKTOP-G503LMJ method=POST path=/v1/article spendTime="15 ms" status=200 userAgent=PostmanRuntime/7.29.0
time="2023-04-11 17:28:14.439867100" level=info clientIp="::1" dataSize=202 host=DESKTOP-G503LMJ method=POST path=/v1/article spendTime="12 ms" status=200 userAgent=PostmanRuntime/7.29.0
time="2023-04-11 17:28:58.707936500" level=info clientIp="::1" dataSize=6264 host=DESKTOP-G503LMJ method=GET path=/v1/articles spendTime="4 ms" status=200 userAgent=PostmanRuntime/7.29.0
time="2023-04-11 17:36:43.381468800" level=info clientIp="::1" dataSize=7173 host=DESKTOP-G503LMJ method=GET path=/v1/articles spendTime="5 ms" status=200 userAgent=PostmanRuntime/7.29.0
time="2023-04-11 17:36:54.796847400" level=info clientIp="::1" dataSize=224 host=DESKTOP-G503LMJ method=POST path=/v1/article spendTime="11 ms" status=200 userAgent=PostmanRuntime/7.29.0
time="2023-04-11 17:38:15.108537800" level=info clientIp="::1" dataSize=206 host=DESKTOP-G503LMJ method=POST path=/v1/article spendTime="11 ms" status=200 userAgent=PostmanRuntime/7.29.0
time="2023-04-11 17:39:12.252095200" level=info clientIp="::1" dataSize=234 host=DESKTOP-G503LMJ method=POST path=/v1/article spendTime="40 ms" status=200 userAgent=PostmanRuntime/7.29.0
time="2023-04-11 17:40:55.711244800" level=info clientIp="::1" dataSize=232 host=DESKTOP-G503LMJ method=POST path=/v1/article spendTime="40 ms" status=200 userAgent=PostmanRuntime/7.29.0
time="2023-04-11 18:50:30.407085100" level=info clientIp="::1" dataSize=229 host=DESKTOP-G503LMJ method=POST path=/v1/article spendTime="33 ms" status=200 userAgent=PostmanRuntime/7.29.0
time="2023-04-11 21:42:38.874026000" level=info clientIp="::1" dataSize=219 host=DESKTOP-G503LMJ method=POST path=/v1/article spendTime="30 ms" status=200 userAgent=PostmanRuntime/7.29.0
time="2023-04-11 22:33:25.815909400" level=info clientIp="::1" dataSize=286 host=DESKTOP-G503LMJ method=POST path=/v1/user spendTime="305 ms" status=200 userAgent=PostmanRuntime/7.29.0
time="2023-04-11 22:41:45.804927500" level=info clientIp="::1" dataSize=225 host=DESKTOP-G503LMJ method=POST path=/v1/user spendTime="312 ms" status=200 userAgent=PostmanRuntime/7.29.0
time="2023-04-11 22:44:25.955930400" level=info clientIp="::1" dataSize=221 host=DESKTOP-G503LMJ method=POST path=/v1/article spendTime="273 ms" status=200 userAgent=PostmanRuntime/7.29.0
time="2023-04-11 22:44:26.947768400" level=info clientIp="::1" dataSize=221 host=DESKTOP-G503LMJ method=POST path=/v1/article spendTime="218 ms" status=200 userAgent=PostmanRuntime/7.29.0
time="2023-04-11 22:44:27.968559000" level=info clientIp="::1" dataSize=221 host=DESKTOP-G503LMJ method=POST path=/v1/article spendTime="393 ms" status=200 userAgent=PostmanRuntime/7.29.0
time="2023-04-11 22:44:28.566213900" level=info clientIp="::1" dataSize=221 host=DESKTOP-G503LMJ method=POST path=/v1/article spendTime="308 ms" status=200 userAgent=PostmanRuntime/7.29.0
time="2023-04-11 22:44:29.417596200" level=info clientIp="::1" dataSize=221 host=DESKTOP-G503LMJ method=POST path=/v1/article spendTime="289 ms" status=200 userAgent=PostmanRuntime/7.29.0
time="2023-04-11 22:44:30.205268000" level=info clientIp="::1" dataSize=221 host=DESKTOP-G503LMJ method=POST path=/v1/article spendTime="358 ms" status=200 userAgent=PostmanRuntime/7.29.0
time="2023-04-11 22:44:30.895137900" level=info clientIp="::1" dataSize=221 host=DESKTOP-G503LMJ method=POST path=/v1/article spendTime="392 ms" status=200 userAgent=PostmanRuntime/7.29.0
time="2023-04-11 22:44:31.522496300" level=info clientIp="::1" dataSize=221 host=DESKTOP-G503LMJ method=POST path=/v1/article spendTime="270 ms" status=200 userAgent=PostmanRuntime/7.29.0
time="2023-04-11 22:44:32.234917000" level=info clientIp="::1" dataSize=221 host=DESKTOP-G503LMJ method=POST path=/v1/article spendTime="271 ms" status=200 userAgent=PostmanRuntime/7.29.0
time="2023-04-11 22:44:33.022214600" level=info clientIp="::1" dataSize=221 host=DESKTOP-G503LMJ method=POST path=/v1/article spendTime="285 ms" status=200 userAgent=PostmanRuntime/7.29.0
time="2023-04-11 22:44:33.805673600" level=info clientIp="::1" dataSize=221 host=DESKTOP-G503LMJ method=POST path=/v1/article spendTime="244 ms" status=200 userAgent=PostmanRuntime/7.29.0
time="2023-04-11 22:44:45.984674800" level=info clientIp="::1" dataSize=220 host=DESKTOP-G503LMJ method=POST path=/v1/article spendTime="243 ms" status=200 userAgent=PostmanRuntime/7.29.0
time="2023-04-11 22:44:48.898211600" level=info clientIp="::1" dataSize=220 host=DESKTOP-G503LMJ method=POST path=/v1/article spendTime="219 ms" status=200 userAgent=PostmanRuntime/7.29.0
time="2023-04-11 22:44:49.824187200" level=info clientIp="::1" dataSize=220 host=DESKTOP-G503LMJ method=POST path=/v1/article spendTime="238 ms" status=200 userAgent=PostmanRuntime/7.29.0
time="2023-04-11 22:44:50.625578900" level=info clientIp="::1" dataSize=220 host=DESKTOP-G503LMJ method=POST path=/v1/article spendTime="274 ms" status=200 userAgent=PostmanRuntime/7.29.0
time="2023-04-11 22:44:51.429558400" level=info clientIp="::1" dataSize=220 host=DESKTOP-G503LMJ method=POST path=/v1/article spendTime="275 ms" status=200 userAgent=PostmanRuntime/7.29.0
time="2023-04-11 22:44:52.129546800" level=info clientIp="::1" dataSize=220 host=DESKTOP-G503LMJ method=POST path=/v1/article spendTime="244 ms" status=200 userAgent=PostmanRuntime/7.29.0
time="2023-04-11 22:44:52.914102000" level=info clientIp="::1" dataSize=220 host=DESKTOP-G503LMJ method=POST path=/v1/article spendTime="318 ms" status=200 userAgent=PostmanRuntime/7.29.0
time="2023-04-11 22:44:53.634459900" level=info clientIp="::1" dataSize=220 host=DESKTOP-G503LMJ method=POST path=/v1/article spendTime="259 ms" status=200 userAgent=PostmanRuntime/7.29.0
time="2023-04-11 22:44:54.319700500" level=info clientIp="::1" dataSize=220 host=DESKTOP-G503LMJ method=POST path=/v1/article spendTime="228 ms" status=200 userAgent=PostmanRuntime/7.29.0
time="2023-04-11 22:44:55.154417100" level=info clientIp="::1" dataSize=220 host=DESKTOP-G503LMJ method=POST path=/v1/article spendTime="301 ms" status=200 userAgent=PostmanRuntime/7.29.0
time="2023-04-11 22:44:55.860873100" level=info clientIp="::1" dataSize=220 host=DESKTOP-G503LMJ method=POST path=/v1/article spendTime="273 ms" status=200 userAgent=PostmanRuntime/7.29.0
time="2023-04-11 23:10:58.688565300" level=info clientIp="::1" dataSize=66 host=DESKTOP-G503LMJ method=POST path=/v1/cate spendTime="85 ms" status=200 userAgent=PostmanRuntime/7.29.0
time="2023-04-11 23:12:00.679468900" level=info clientIp="::1" dataSize=178 host=DESKTOP-G503LMJ method=PUT path=/v1/user/1 spendTime="181 ms" status=200 userAgent=PostmanRuntime/7.29.0
time="2023-04-11 23:12:13.691882600" level=info clientIp="::1" dataSize=226 host=DESKTOP-G503LMJ method=PUT path=/v1/user/1 spendTime="387 ms" status=200 userAgent=PostmanRuntime/7.29.0
time="2023-04-11 23:18:33.392184200" level=info clientIp="::1" dataSize=179 host=DESKTOP-G503LMJ method=PUT path=/v1/user/1 spendTime="159 ms" status=200 userAgent=PostmanRuntime/7.29.0
time="2023-04-11 23:31:20.498665500" level=info clientIp="::1" dataSize=179 host=DESKTOP-G503LMJ method=PUT path=/v1/user/1 spendTime="141 ms" status=200 userAgent=PostmanRuntime/7.29.0
time="2023-04-11 23:31:37.312187000" level=info clientIp="::1" dataSize=178 host=DESKTOP-G503LMJ method=PUT path=/v1/user/1 spendTime="142 ms" status=200 userAgent=PostmanRuntime/7.29.0
time="2023-04-11 23:33:05.229394400" level=info clientIp="::1" dataSize=225 host=DESKTOP-G503LMJ method=PUT path=/v1/user/1 spendTime="326 ms" status=200 userAgent=PostmanRuntime/7.29.0
time="2023-04-11 23:33:15.595808200" level=info clientIp="::1" dataSize=178 host=DESKTOP-G503LMJ method=PUT path=/v1/user/1 spendTime="274 ms" status=200 userAgent=PostmanRuntime/7.29.0
time="2023-04-11 23:33:33.020021500" level=info clientIp="::1" dataSize=178 host=DESKTOP-G503LMJ method=PUT path=/v1/user/1 spendTime="137 ms" status=200 userAgent=PostmanRuntime/7.29.0
time="2023-04-11 23:35:40.710722600" level=info clientIp="::1" dataSize=236 host=DESKTOP-G503LMJ method=PUT path=/v1/user/1 spendTime="332 ms" status=200 userAgent=PostmanRuntime/7.29.0
time="2023-04-11 23:36:36.128320600" level=info clientIp="::1" dataSize=236 host=DESKTOP-G503LMJ method=PUT path=/v1/user/4 spendTime="366 ms" status=200 userAgent=PostmanRuntime/7.29.0
