time="2023-09-04 09:43:52.985712900" level=warning clientIp="::1" dataSize=42 host=DESKTOP-5T52G1B method=GET path=/v1/user/10/1 spendTime="1 ms" status=401 userAgent=PostmanRuntime/7.29.0
time="2023-09-04 09:45:18.845016700" level=warning clientIp="::1" dataSize=0 host=DESKTOP-5T52G1B method=DELETE path=/v1/article/6 spendTime="0 ms" status=404 userAgent=PostmanRuntime/7.29.0
time="2023-09-04 09:55:03.271839700" level=warning clientIp="::1" dataSize=42 host=DESKTOP-5T52G1B method=GET path=/v1/user/10/0 spendTime="1 ms" status=401 userAgent=PostmanRuntime/7.29.0
time="2023-09-04 11:05:13.898789500" level=warning clientIp="::1" dataSize=42 host=DESKTOP-5T52G1B method=GET path=/v1/user/10/0 spendTime="1 ms" status=401 userAgent=PostmanRuntime/7.29.0
time="2023-09-04 14:49:45.993948900" level=warning clientIp="::1" dataSize=42 host=DESKTOP-5T52G1B method=GET path=/v1/user/10/0 spendTime="1 ms" status=401 userAgent=PostmanRuntime/7.29.0
time="2023-09-04 22:13:46.176873900" level=info clientIp="::1" dataSize=215 host=DESKTOP-G503LMJ method=PUT path=/v1/user spendTime="3022 ms" status=200 userAgent=PostmanRuntime/7.29.0
time="2023-09-04 22:35:51.399305400" level=info clientIp="::1" dataSize=1358 host=DESKTOP-G503LMJ method=GET path=/v1/user/10/1 spendTime="153 ms" status=200 userAgent=PostmanRuntime/7.29.0
time="2023-09-04 22:35:57.891681600" level=info clientIp="::1" dataSize=1358 host=DESKTOP-G503LMJ method=GET path=/v1/user/10/1 spendTime="160 ms" status=200 userAgent=PostmanRuntime/7.29.0
time="2023-09-04 22:37:34.465886000" level=info clientIp="::1" dataSize=1358 host=DESKTOP-G503LMJ method=GET path=/v1/user/10/1 spendTime="120 ms" status=200 userAgent=PostmanRuntime/7.29.0
time="2023-09-04 22:40:03.075793500" level=info clientIp="::1" dataSize=1358 host=DESKTOP-G503LMJ method=GET path=/v1/user/10/1 spendTime="121 ms" status=200 userAgent=PostmanRuntime/7.29.0
time="2023-09-04 22:40:37.876989700" level=info clientIp="::1" dataSize=215 host=DESKTOP-G503LMJ method=PUT path=/v1/user spendTime="237 ms" status=200 userAgent=PostmanRuntime/7.29.0
time="2023-09-04 22:43:10.968671800" level=info clientIp="::1" dataSize=215 host=DESKTOP-G503LMJ method=PUT path=/v1/user spendTime="233 ms" status=200 userAgent=PostmanRuntime/7.29.0
time="2023-09-04 22:43:48.415009400" level=info clientIp="::1" dataSize=215 host=DESKTOP-G503LMJ method=PUT path=/v1/user spendTime="236 ms" status=200 userAgent=PostmanRuntime/7.29.0
time="2023-09-04 23:12:15.776117700" level=warning clientIp="::1" dataSize=0 host=DESKTOP-G503LMJ method=DELETE path=/v1/user/E3400D62-32C7-AB6B-D481-5456389141E1 spendTime="0 ms" status=404 userAgent=PostmanRuntime/7.29.0
time="2023-09-04 23:13:31.368830600" level=info clientIp="::1" dataSize=29 host=DESKTOP-G503LMJ method=DELETE path=/v1/user/E3400D62-32C7-AB6B-D481-5456389141E1 spendTime="0 ms" status=200 userAgent=PostmanRuntime/7.29.0
time="2023-09-04 23:15:20.272743500" level=info clientIp="::1" dataSize=29 host=DESKTOP-G503LMJ method=DELETE path=/v1/user/E3400D62-32C7-AB6B-D481-5456389141E1 spendTime="0 ms" status=200 userAgent=PostmanRuntime/7.29.0
time="2023-09-04 23:16:54.207051500" level=info clientIp="::1" dataSize=29 host=DESKTOP-G503LMJ method=DELETE path=/v1/user/E3400D62-32C7-AB6B-D481-5456389141E1 spendTime="1 ms" status=200 userAgent=PostmanRuntime/7.29.0
time="2023-09-04 23:17:37.490303600" level=info clientIp="::1" dataSize=29 host=DESKTOP-G503LMJ method=DELETE path=/v1/user/E3400D62-32C7-AB6B-D481-5456389141E1 spendTime="0 ms" status=200 userAgent=PostmanRuntime/7.29.0
time="2023-09-04 23:20:22.440735500" level=info clientIp="::1" dataSize=29 host=DESKTOP-G503LMJ method=DELETE path=/v1/user/E3400D62-32C7-AB6B-D481-5456389141E1 spendTime="91491 ms" status=200 userAgent=PostmanRuntime/7.29.0
time="2023-09-04 23:20:44.536267000" level=info clientIp="::1" dataSize=29 host=DESKTOP-G503LMJ method=DELETE path=/v1/user/E3400D62-32C7-AB6B-D481-5456389141E1 spendTime="7165 ms" status=200 userAgent=PostmanRuntime/7.29.0
time="2023-09-04 23:21:05.506216500" level=info clientIp="::1" dataSize=29 host=DESKTOP-G503LMJ method=DELETE path=/v1/user/221b1635-794f-4eaa-8fcd-c81d8b6e6507 spendTime="4464 ms" status=200 userAgent=PostmanRuntime/7.29.0
time="2023-09-04 23:21:46.290522600" level=info clientIp="::1" dataSize=29 host=DESKTOP-G503LMJ method=DELETE path=/v1/user/221b1635-794f-4eaa-8fcd-c81d8b6e6507 spendTime="24873 ms" status=200 userAgent=PostmanRuntime/7.29.0
time="2023-09-04 23:23:32.937411700" level=info clientIp="::1" dataSize=29 host=DESKTOP-G503LMJ method=DELETE path=/v1/user/221b1635-794f-4eaa-8fcd-c81d8b6e6507 spendTime="96521 ms" status=200 userAgent=PostmanRuntime/7.29.0
time="2023-09-04 23:25:29.186173600" level=info clientIp="::1" dataSize=29 host=DESKTOP-G503LMJ method=DELETE path=/v1/user/221b1635-794f-4eaa-8fcd-c81d8b6e6507 spendTime="75 ms" status=200 userAgent=PostmanRuntime/7.29.0
time="2023-09-04 23:26:08.388303000" level=info clientIp="::1" dataSize=29 host=DESKTOP-G503LMJ method=DELETE path=/v1/user/E3400D62-32C7-AB6B-D481-5456389141E1 spendTime="74 ms" status=200 userAgent=PostmanRuntime/7.29.0
time="2023-09-04 23:26:30.741139200" level=info clientIp="::1" dataSize=29 host=DESKTOP-G503LMJ method=DELETE path=/v1/user/f91a9b60-1d2f-42a9-b7a5-0e58a5adbac2 spendTime="76 ms" status=200 userAgent=PostmanRuntime/7.29.0
time="2023-09-04 23:36:39.690630800" level=info clientIp="::1" dataSize=64 host=DESKTOP-G503LMJ method=DELETE path=/v1/user/f91a9b60-1d2f-42a9-b7a5-0e58a5adbac2 spendTime="83 ms" status=200 userAgent=PostmanRuntime/7.29.0
time="2023-09-04 23:37:13.318927000" level=warning clientIp="::1" dataSize=35 host=DESKTOP-G503LMJ method=DELETE path=/v1/user/f91a9b60-1d2f-42a9-b7a5-0e58a5adbac2 spendTime="0 ms" status=401 userAgent=PostmanRuntime/7.29.0
