time="2023-03-13 14:19:44.051882900" level=info clientIp="::1" dataSize=776 host=DESKTOP-G503LMJ method=GET path=/v1/articles/1/10 spendTime="195 ms" status=200 userAgent=PostmanRuntime/7.29.0
time="2023-03-13 14:20:35.149246600" level=info clientIp="::1" dataSize=213 host=DESKTOP-G503LMJ method=POST path=/v1/login spendTime="196 ms" status=200 userAgent=PostmanRuntime/7.29.0
time="2023-03-13 14:21:13.582610800" level=info clientIp="::1" dataSize=776 host=DESKTOP-G503LMJ method=GET path=/v1/articles/1/10 spendTime="144 ms" status=200 userAgent=PostmanRuntime/7.29.0
time="2023-03-13 14:22:18.290011300" level=warning clientIp="::1" dataSize=0 host=DESKTOP-G503LMJ method=POST path=/article spendTime="0 ms" status=404 userAgent=PostmanRuntime/7.29.0
time="2023-03-13 14:22:44.675009300" level=warning clientIp="::1" dataSize=0 host=DESKTOP-G503LMJ method=POST path=/article spendTime="0 ms" status=404 userAgent=PostmanRuntime/7.29.0
time="2023-03-13 14:23:15.265231400" level=warning clientIp="::1" dataSize=0 host=DESKTOP-G503LMJ method=POST path=/article spendTime="0 ms" status=404 userAgent=PostmanRuntime/7.29.0
time="2023-03-13 14:23:29.636612200" level=warning clientIp="::1" dataSize=0 host=DESKTOP-G503LMJ method=POST path=/article spendTime="0 ms" status=404 userAgent=PostmanRuntime/7.29.0
time="2023-03-13 14:24:05.357618500" level=warning clientIp="::1" dataSize=0 host=DESKTOP-G503LMJ method=POST path=/article spendTime="0 ms" status=404 userAgent=PostmanRuntime/7.29.0
time="2023-03-13 14:24:35.363744900" level=info clientIp="::1" dataSize=235 host=DESKTOP-G503LMJ method=POST path=/v1/article spendTime="217 ms" status=200 userAgent=PostmanRuntime/7.29.0
time="2023-03-13 14:26:30.135345700" level=info clientIp="::1" dataSize=48 host=DESKTOP-G503LMJ method=GET path=/v1/userarticle/1/1/10 spendTime="144 ms" status=200 userAgent=PostmanRuntime/7.29.0
time="2023-03-13 14:28:28.666805200" level=info clientIp="::1" dataSize=776 host=DESKTOP-G503LMJ method=GET path=/v1/articles/1/10 spendTime="144 ms" status=200 userAgent=PostmanRuntime/7.29.0
time="2023-03-13 14:28:37.523435800" level=info clientIp="::1" dataSize=234 host=DESKTOP-G503LMJ method=POST path=/v1/article spendTime="220 ms" status=200 userAgent=PostmanRuntime/7.29.0
time="2023-03-13 14:29:04.269682200" level=info clientIp="::1" dataSize=172 host=DESKTOP-G503LMJ method=GET path=/v1/cate/0/10 spendTime="73 ms" status=200 userAgent=PostmanRuntime/7.29.0
time="2023-03-13 14:29:16.413235000" level=info clientIp="::1" dataSize=234 host=DESKTOP-G503LMJ method=POST path=/v1/article spendTime="219 ms" status=200 userAgent=PostmanRuntime/7.29.0
time="2023-03-13 14:29:18.393872500" level=info clientIp="::1" dataSize=234 host=DESKTOP-G503LMJ method=POST path=/v1/article spendTime="227 ms" status=200 userAgent=PostmanRuntime/7.29.0
time="2023-03-13 14:29:20.500064100" level=info clientIp="::1" dataSize=234 host=DESKTOP-G503LMJ method=POST path=/v1/article spendTime="220 ms" status=200 userAgent=PostmanRuntime/7.29.0
time="2023-03-13 14:29:21.327963500" level=info clientIp="::1" dataSize=234 host=DESKTOP-G503LMJ method=POST path=/v1/article spendTime="220 ms" status=200 userAgent=PostmanRuntime/7.29.0
time="2023-03-13 14:29:22.164743300" level=info clientIp="::1" dataSize=233 host=DESKTOP-G503LMJ method=POST path=/v1/article spendTime="225 ms" status=200 userAgent=PostmanRuntime/7.29.0
time="2023-03-13 14:29:22.901160100" level=info clientIp="::1" dataSize=234 host=DESKTOP-G503LMJ method=POST path=/v1/article spendTime="221 ms" status=200 userAgent=PostmanRuntime/7.29.0
time="2023-03-13 14:29:23.637527600" level=info clientIp="::1" dataSize=233 host=DESKTOP-G503LMJ method=POST path=/v1/article spendTime="220 ms" status=200 userAgent=PostmanRuntime/7.29.0
time="2023-03-13 14:29:24.323148700" level=info clientIp="::1" dataSize=234 host=DESKTOP-G503LMJ method=POST path=/v1/article spendTime="218 ms" status=200 userAgent=PostmanRuntime/7.29.0
time="2023-03-13 14:29:25.037369200" level=info clientIp="::1" dataSize=234 host=DESKTOP-G503LMJ method=POST path=/v1/article spendTime="219 ms" status=200 userAgent=PostmanRuntime/7.29.0
time="2023-03-13 14:29:25.651767900" level=info clientIp="::1" dataSize=234 host=DESKTOP-G503LMJ method=POST path=/v1/article spendTime="219 ms" status=200 userAgent=PostmanRuntime/7.29.0
time="2023-03-13 14:29:26.304034800" level=info clientIp="::1" dataSize=234 host=DESKTOP-G503LMJ method=POST path=/v1/article spendTime="220 ms" status=200 userAgent=PostmanRuntime/7.29.0
time="2023-03-13 14:29:26.950951500" level=info clientIp="::1" dataSize=234 host=DESKTOP-G503LMJ method=POST path=/v1/article spendTime="220 ms" status=200 userAgent=PostmanRuntime/7.29.0
time="2023-03-13 14:29:27.531907200" level=info clientIp="::1" dataSize=234 host=DESKTOP-G503LMJ method=POST path=/v1/article spendTime="219 ms" status=200 userAgent=PostmanRuntime/7.29.0
time="2023-03-13 14:29:28.197584600" level=info clientIp="::1" dataSize=234 host=DESKTOP-G503LMJ method=POST path=/v1/article spendTime="219 ms" status=200 userAgent=PostmanRuntime/7.29.0
time="2023-03-13 14:29:28.862291500" level=info clientIp="::1" dataSize=234 host=DESKTOP-G503LMJ method=POST path=/v1/article spendTime="218 ms" status=200 userAgent=PostmanRuntime/7.29.0
time="2023-03-13 14:29:32.009690500" level=info clientIp="::1" dataSize=1983 host=DESKTOP-G503LMJ method=GET path=/v1/articles/1/10 spendTime="144 ms" status=200 userAgent=PostmanRuntime/7.29.0
time="2023-03-13 14:58:40.483603500" level=warning clientIp="::1" dataSize=32 host=DESKTOP-G503LMJ method=PUT path=/v1/cate/3 spendTime="0 ms" status=401 userAgent=PostmanRuntime/7.29.0
time="2023-03-13 14:58:46.261382300" level=warning clientIp="::1" dataSize=0 host=DESKTOP-G503LMJ method=POST path=/v1/cate/3 spendTime="0 ms" status=404 userAgent=PostmanRuntime/7.29.0
time="2023-03-13 15:12:46.232100900" level=info clientIp="::1" dataSize=2029 host=DESKTOP-G503LMJ method=GET path=/v1/articles/2/10 spendTime="145 ms" status=200 userAgent=PostmanRuntime/7.29.0
time="2023-03-13 15:15:20.036325900" level=info clientIp="::1" dataSize=2029 host=DESKTOP-G503LMJ method=GET path=/v1/articles/2/10 spendTime="149 ms" status=200 userAgent=PostmanRuntime/7.29.0
time="2023-03-13 15:17:20.607877700" level=info clientIp="::1" dataSize=1985 host=DESKTOP-G503LMJ method=GET path=/v1/articles/1/10 spendTime="157 ms" status=200 userAgent=PostmanRuntime/7.29.0
time="2023-03-13 15:19:13.621750900" level=info clientIp="::1" dataSize=2057 host=DESKTOP-G503LMJ method=GET path=/v1/articles/1/10 spendTime="159 ms" status=200 userAgent=PostmanRuntime/7.29.0
time="2023-03-13 15:19:26.271916700" level=info clientIp="::1" dataSize=2057 host=DESKTOP-G503LMJ method=GET path=/v1/articles/1/10 spendTime="158 ms" status=200 userAgent=PostmanRuntime/7.29.0
time="2023-03-13 15:19:42.456783500" level=info clientIp="::1" dataSize=48 host=DESKTOP-G503LMJ method=GET path=/v1/articles/1/10 spendTime="81 ms" status=200 userAgent=PostmanRuntime/7.29.0
time="2023-03-13 15:20:12.175378300" level=info clientIp="::1" dataSize=48 host=DESKTOP-G503LMJ method=GET path=/v1/articles/1/10 spendTime="81 ms" status=200 userAgent=PostmanRuntime/7.29.0
time="2023-03-13 15:20:17.561367200" level=info clientIp="::1" dataSize=48 host=DESKTOP-G503LMJ method=GET path=/v1/userarticle/1/1/10 spendTime="159 ms" status=200 userAgent=PostmanRuntime/7.29.0
time="2023-03-13 15:20:23.119436800" level=info clientIp="::1" dataSize=48 host=DESKTOP-G503LMJ method=GET path=/v1/catearticle/2/1/10 spendTime="159 ms" status=200 userAgent=PostmanRuntime/7.29.0
time="2023-03-13 15:20:40.063742800" level=info clientIp="::1" dataSize=1622 host=DESKTOP-G503LMJ method=GET path=/v1/articles/1/10 spendTime="161 ms" status=200 userAgent=PostmanRuntime/7.29.0
time="2023-03-13 15:21:00.798766800" level=info clientIp="::1" dataSize=1626 host=DESKTOP-G503LMJ method=GET path=/v1/articles/1/10 spendTime="159 ms" status=200 userAgent=PostmanRuntime/7.29.0
time="2023-03-13 15:21:30.601354300" level=info clientIp="::1" dataSize=234 host=DESKTOP-G503LMJ method=POST path=/v1/article spendTime="233 ms" status=200 userAgent=PostmanRuntime/7.29.0
time="2023-03-13 15:21:31.548538800" level=info clientIp="::1" dataSize=234 host=DESKTOP-G503LMJ method=POST path=/v1/article spendTime="237 ms" status=200 userAgent=PostmanRuntime/7.29.0
time="2023-03-13 15:21:32.380936000" level=info clientIp="::1" dataSize=234 host=DESKTOP-G503LMJ method=POST path=/v1/article spendTime="234 ms" status=200 userAgent=PostmanRuntime/7.29.0
time="2023-03-13 15:21:33.065366500" level=info clientIp="::1" dataSize=234 host=DESKTOP-G503LMJ method=POST path=/v1/article spendTime="232 ms" status=200 userAgent=PostmanRuntime/7.29.0
time="2023-03-13 15:21:33.735124300" level=info clientIp="::1" dataSize=234 host=DESKTOP-G503LMJ method=POST path=/v1/article spendTime="233 ms" status=200 userAgent=PostmanRuntime/7.29.0
time="2023-03-13 15:21:34.541211900" level=info clientIp="::1" dataSize=234 host=DESKTOP-G503LMJ method=POST path=/v1/article spendTime="234 ms" status=200 userAgent=PostmanRuntime/7.29.0
time="2023-03-13 15:21:42.753319400" level=info clientIp="::1" dataSize=2029 host=DESKTOP-G503LMJ method=GET path=/v1/articles//10 spendTime="154 ms" status=200 userAgent=PostmanRuntime/7.29.0
time="2023-03-13 15:21:55.263539500" level=info clientIp="::1" dataSize=2029 host=DESKTOP-G503LMJ method=GET path=/v1/articles/1/10 spendTime="154 ms" status=200 userAgent=PostmanRuntime/7.29.0
time="2023-03-13 15:22:00.879457300" level=info clientIp="::1" dataSize=850 host=DESKTOP-G503LMJ method=GET path=/v1/articles/2/10 spendTime="154 ms" status=200 userAgent=PostmanRuntime/7.29.0
time="2023-03-13 15:25:10.937769000" level=info clientIp="::1" dataSize=850 host=DESKTOP-G503LMJ method=GET path=/v1/articles/2/10 spendTime="168 ms" status=200 userAgent=PostmanRuntime/7.29.0
time="2023-03-13 15:26:34.460413900" level=info clientIp="::1" dataSize=850 host=DESKTOP-G503LMJ method=GET path=/v1/articles/2/10 spendTime="171 ms" status=200 userAgent=PostmanRuntime/7.29.0
time="2023-03-13 15:27:11.846541900" level=info clientIp="::1" dataSize=851 host=DESKTOP-G503LMJ method=GET path=/v1/articles/2/10 spendTime="163 ms" status=200 userAgent=PostmanRuntime/7.29.0
time="2023-03-13 15:27:37.889109200" level=info clientIp="::1" dataSize=2029 host=DESKTOP-G503LMJ method=GET path=/v1/articles/1/10 spendTime="162 ms" status=200 userAgent=PostmanRuntime/7.29.0
