time="2023-09-03 14:13:27.740031700" level=info clientIp="::1" dataSize=46 host=DESKTOP-G503LMJ method=POST path=/v1/login spendTime="85 ms" status=200 userAgent=PostmanRuntime/7.29.0
time="2023-09-03 14:13:52.972912800" level=info clientIp="::1" dataSize=271 host=DESKTOP-G503LMJ method=POST path=/v1/user spendTime="307 ms" status=200 userAgent=PostmanRuntime/7.29.0
time="2023-09-03 14:14:00.901365700" level=info clientIp="::1" dataSize=46 host=DESKTOP-G503LMJ method=POST path=/v1/login spendTime="83 ms" status=200 userAgent=PostmanRuntime/7.29.0
time="2023-09-03 14:16:38.163369200" level=info clientIp="::1" dataSize=46 host=DESKTOP-G503LMJ method=POST path=/v1/login spendTime="45030 ms" status=200 userAgent=PostmanRuntime/7.29.0
time="2023-09-03 14:17:25.427097500" level=info clientIp="::1" dataSize=46 host=DESKTOP-G503LMJ method=POST path=/v1/login spendTime="44598 ms" status=200 userAgent=PostmanRuntime/7.29.0
time="2023-09-03 14:18:47.526113700" level=info clientIp="::1" dataSize=589 host=DESKTOP-G503LMJ method=POST path=/v1/login spendTime="12773 ms" status=200 userAgent=PostmanRuntime/7.29.0
time="2023-09-03 14:22:22.412252300" level=info clientIp="::1" dataSize=394 host=DESKTOP-G503LMJ method=POST path=/v1/login spendTime="148 ms" status=200 userAgent=PostmanRuntime/7.29.0
time="2023-09-03 14:59:06.301283700" level=warning clientIp="::1" dataSize=42 host=DESKTOP-G503LMJ method=GET path=/v1/user/10/1 spendTime="0 ms" status=401 userAgent=PostmanRuntime/7.29.0
time="2023-09-03 15:00:06.813440900" level=info clientIp="::1" dataSize=1902 host=DESKTOP-G503LMJ method=GET path=/v1/user/10/1 spendTime="126 ms" status=200 userAgent=PostmanRuntime/7.29.0
time="2023-09-03 15:01:17.245995200" level=info clientIp="::1" dataSize=1902 host=DESKTOP-G503LMJ method=GET path=/v1/user/10/1 spendTime="234 ms" status=200 userAgent=PostmanRuntime/7.29.0
time="2023-09-03 15:01:33.034475600" level=info clientIp="::1" dataSize=1902 host=DESKTOP-G503LMJ method=GET path=/v1/user/10/1 spendTime="151 ms" status=200 userAgent=PostmanRuntime/7.29.0
time="2023-09-03 15:01:43.326919300" level=warning clientIp="::1" dataSize=30 host=DESKTOP-G503LMJ method=GET path=/v1/user/10/1 spendTime="1 ms" status=401 userAgent=PostmanRuntime/7.29.0
time="2023-09-03 15:02:47.402933600" level=warning clientIp="::1" dataSize=21 host=DESKTOP-G503LMJ method=GET path=/v1/user/10/1 spendTime="1 ms" status=401 userAgent=PostmanRuntime/7.29.0
time="2023-09-03 15:04:42.358879100" level=warning clientIp="::1" dataSize=21 host=DESKTOP-G503LMJ method=GET path=/v1/user/10/1 spendTime="18175 ms" status=401 userAgent=PostmanRuntime/7.29.0
time="2023-09-03 15:04:54.428747300" level=warning clientIp="::1" dataSize=21 host=DESKTOP-G503LMJ method=GET path=/v1/user/10/1 spendTime="10465 ms" status=401 userAgent=PostmanRuntime/7.29.0
time="2023-09-03 15:06:53.004712400" level=warning clientIp="::1" dataSize=21 host=DESKTOP-G503LMJ method=GET path=/v1/user/10/1 spendTime="103548 ms" status=401 userAgent=PostmanRuntime/7.29.0
time="2023-09-03 15:09:08.433255800" level=warning clientIp="::1" dataSize=47 host=DESKTOP-G503LMJ method=GET path=/v1/user/10/1 spendTime="56099 ms" status=401 userAgent=PostmanRuntime/7.29.0
time="2023-09-03 15:09:58.586575100" level=warning clientIp="::1" dataSize=47 host=DESKTOP-G503LMJ method=GET path=/v1/user/10/1 spendTime="1643 ms" status=401 userAgent=PostmanRuntime/7.29.0
time="2023-09-03 15:11:41.391290300" level=warning clientIp="::1" dataSize=41 host=DESKTOP-G503LMJ method=GET path=/v1/user/10/1 spendTime="1 ms" status=401 userAgent=PostmanRuntime/7.29.0
time="2023-09-03 15:12:18.707118500" level=info clientIp="::1" dataSize=1902 host=DESKTOP-G503LMJ method=GET path=/v1/user/10/1 spendTime="114 ms" status=200 userAgent=PostmanRuntime/7.29.0
time="2023-09-03 15:12:25.677732800" level=warning clientIp="::1" dataSize=41 host=DESKTOP-G503LMJ method=GET path=/v1/user/10/1 spendTime="1 ms" status=401 userAgent=PostmanRuntime/7.29.0
time="2023-09-03 15:13:51.970374200" level=warning clientIp="::1" dataSize=42 host=DESKTOP-G503LMJ method=PUT path=/v1/user spendTime="1 ms" status=401 userAgent=PostmanRuntime/7.29.0
time="2023-09-03 15:14:56.501755900" level=warning clientIp="::1" dataSize=36 host=DESKTOP-G503LMJ method=PUT path=/v1/user spendTime="1 ms" status=401 userAgent=PostmanRuntime/7.29.0
time="2023-09-03 15:20:54.016790300" level=info clientIp="::1" dataSize=40 host=DESKTOP-G503LMJ method=PUT path=/v1/user spendTime="180 ms" status=200 userAgent=PostmanRuntime/7.29.0
time="2023-09-03 15:21:03.754148800" level=info clientIp="::1" dataSize=40 host=DESKTOP-G503LMJ method=PUT path=/v1/user spendTime="154 ms" status=200 userAgent=PostmanRuntime/7.29.0
time="2023-09-03 15:23:30.068914100" level=info clientIp="::1" dataSize=40 host=DESKTOP-G503LMJ method=PUT path=/v1/user spendTime="86 ms" status=200 userAgent=PostmanRuntime/7.29.0
time="2023-09-03 15:23:34.870887700" level=info clientIp="::1" dataSize=221 host=DESKTOP-G503LMJ method=PUT path=/v1/user spendTime="226 ms" status=200 userAgent=PostmanRuntime/7.29.0
time="2023-09-03 15:23:51.817972000" level=info clientIp="::1" dataSize=1852 host=DESKTOP-G503LMJ method=GET path=/v1/user/10/1 spendTime="115 ms" status=200 userAgent=PostmanRuntime/7.29.0
time="2023-09-03 15:24:24.473968000" level=info clientIp="::1" dataSize=40 host=DESKTOP-G503LMJ method=PUT path=/v1/user spendTime="80 ms" status=200 userAgent=PostmanRuntime/7.29.0
time="2023-09-03 15:26:38.176208100" level=info clientIp="::1" dataSize=215 host=DESKTOP-G503LMJ method=PUT path=/v1/user spendTime="485 ms" status=200 userAgent=PostmanRuntime/7.29.0
time="2023-09-03 15:26:43.416086500" level=info clientIp="::1" dataSize=1853 host=DESKTOP-G503LMJ method=GET path=/v1/user/10/1 spendTime="120 ms" status=200 userAgent=PostmanRuntime/7.29.0
