time="2023-04-01 00:05:38.531197800" level=info clientIp="::1" dataSize=62 host=DESKTOP-G503LMJ method=GET path=/v1/cate/0/10 spendTime="467 ms" status=200 userAgent=PostmanRuntime/7.29.0
time="2023-04-01 00:46:51.973031100" level=info clientIp="::1" dataSize=261 host=DESKTOP-G503LMJ method=GET path=/v1/cate/0/10 spendTime="463 ms" status=200 userAgent=PostmanRuntime/7.29.0
time="2023-04-01 01:17:05.457405600" level=info clientIp="::1" dataSize=48 host=DESKTOP-G503LMJ method=GET path=/v1/userarticle/1/1/10 spendTime="150 ms" status=200 userAgent=PostmanRuntime/7.29.0
time="2023-04-01 01:22:04.653792100" level=info clientIp="::1" dataSize=3400 host=DESKTOP-G503LMJ method=GET path=/v1/catearticle/11/1/10 spendTime="227 ms" status=200 userAgent=PostmanRuntime/7.29.0
time="2023-04-01 01:24:51.069340500" level=info clientIp="::1" dataSize=3400 host=DESKTOP-G503LMJ method=GET path=/v1/catearticle/11/1/10 spendTime="291 ms" status=200 userAgent=PostmanRuntime/7.29.0
time="2023-04-01 01:26:05.081931800" level=info clientIp="::1" dataSize=3400 host=DESKTOP-G503LMJ method=GET path=/v1/catearticle/11/1/10 spendTime="203 ms" status=200 userAgent=PostmanRuntime/7.29.0
time="2023-04-01 01:40:57.020191100" level=info clientIp="::1" dataSize=3586 host=DESKTOP-G503LMJ method=GET path=/v1/articless spendTime="171 ms" status=200 userAgent=PostmanRuntime/7.29.0
time="2023-04-01 01:41:16.537314800" level=warning clientIp="::1" dataSize=32 host=DESKTOP-G503LMJ method=POST path=/v1/article spendTime="1 ms" status=401 userAgent=PostmanRuntime/7.29.0
time="2023-04-01 01:42:04.369383400" level=info clientIp="::1" dataSize=3586 host=DESKTOP-G503LMJ method=GET path=/v1/articles spendTime="163 ms" status=200 userAgent=PostmanRuntime/7.29.0
time="2023-04-01 01:42:16.119485600" level=info clientIp="::1" dataSize=3586 host=DESKTOP-G503LMJ method=GET path=/v1/articles/0/10 spendTime="162 ms" status=200 userAgent=PostmanRuntime/7.29.0
time="2023-04-01 01:42:24.359424300" level=info clientIp="::1" dataSize=2798 host=DESKTOP-G503LMJ method=GET path=/v1/articles/0/5 spendTime="162 ms" status=200 userAgent=PostmanRuntime/7.29.0
time="2023-04-01 01:52:20.353562800" level=info clientIp="::1" dataSize=1026 host=DESKTOP-G503LMJ method=GET path=/v1/articles/0/5 spendTime="162 ms" status=200 userAgent=PostmanRuntime/7.29.0
time="2023-04-01 01:53:07.351013200" level=info clientIp="::1" dataSize=1026 host=DESKTOP-G503LMJ method=GET path=/v1/articles/0/5 spendTime="173 ms" status=200 userAgent=PostmanRuntime/7.29.0
time="2023-04-01 01:55:33.641287900" level=info clientIp="::1" dataSize=261 host=DESKTOP-G503LMJ method=GET path=/v1/cate/0/10 spendTime="511 ms" status=200 userAgent=PostmanRuntime/7.29.0
time="2023-04-01 02:01:46.639475300" level=info clientIp="::1" dataSize=261 host=DESKTOP-G503LMJ method=GET path=/v1/cate/0/10 spendTime="514 ms" status=200 userAgent="Mozilla/5.0 (Windows NT 10.0; Win64; x64) AppleWebKit/537.36 (KHTML, like Gecko) Chrome/111.0.0.0 Safari/537.36 Edg/111.0.1661.54"
time="2023-04-01 02:01:49.884989300" level=warning clientIp="::1" dataSize=0 host=DESKTOP-G503LMJ method=GET path=/favicon.ico spendTime="0 ms" status=404 userAgent="Mozilla/5.0 (Windows NT 10.0; Win64; x64) AppleWebKit/537.36 (KHTML, like Gecko) Chrome/111.0.0.0 Safari/537.36 Edg/111.0.1661.54"
time="2023-04-01 02:04:40.325253200" level=info clientIp="::1" dataSize=578 host=DESKTOP-G503LMJ method=GET path=/v1/cate/0/10 spendTime="435 ms" status=200 userAgent=PostmanRuntime/7.29.0
time="2023-04-01 02:05:09.556542300" level=info clientIp="::1" dataSize=508 host=DESKTOP-G503LMJ method=GET path=/v1/cate/0/10 spendTime="495 ms" status=200 userAgent=PostmanRuntime/7.29.0
time="2023-04-01 02:09:58.879428800" level=info clientIp="::1" dataSize=339 host=DESKTOP-G503LMJ method=GET path=/v1/cate/0/10 spendTime="462 ms" status=200 userAgent=PostmanRuntime/7.29.0
time="2023-04-01 02:11:21.030007700" level=info clientIp="::1" dataSize=339 host=DESKTOP-G503LMJ method=GET path=/v1/cate/0/10 spendTime="474 ms" status=200 userAgent=PostmanRuntime/7.29.0
time="2023-04-01 02:23:47.915420800" level=info clientIp="::1" dataSize=339 host=DESKTOP-G503LMJ method=GET path=/v1/cate/0/10 spendTime="432 ms" status=200 userAgent=PostmanRuntime/7.29.0
